<?xml version="1.0" encoding="UTF-8"?>
<testsuite xmlns:xsi="http://www.w3.org/2001/XMLSchema-instance" xsi:noNamespaceSchemaLocation="https://maven.apache.org/surefire/maven-surefire-plugin/xsd/surefire-test-report.xsd" version="3.0.2" name="xjtu.BackEndApplicationTests" time="7.379" tests="5" errors="1" skipped="0" failures="0">
  <properties>
[...]
</properties>
  <testcase name="testToken" classname="xjtu.BackEndApplicationTests" time="0.896">
    <error message="JWT expired at 2025-05-10T22:17:24Z. Current time: 2025-05-20T13:49:48Z, a difference of 833544045 milliseconds.  Allowed clock skew: 0 milliseconds." type="io.jsonwebtoken.ExpiredJwtException"><![CDATA[io.jsonwebtoken.ExpiredJwtException: JWT expired at 2025-05-10T22:17:24Z. Current time: 2025-05-20T13:49:48Z, a difference of 833544045 milliseconds.  Allowed clock skew: 0 milliseconds.
	at io.jsonwebtoken.impl.DefaultJwtParser.parse(DefaultJwtParser.java:385)
	at io.jsonwebtoken.impl.DefaultJwtParser.parse(DefaultJwtParser.java:481)
	at io.jsonwebtoken.impl.DefaultJwtParser.parseClaimsJws(DefaultJwtParser.java:541)
	at xjtu.pojo.utils.TokenUtil.parserToken(TokenUtil.java:31)
	at xjtu.BackEndApplicationTests.testToken(BackEndApplicationTests.java:22)
	at java.base/java.lang.reflect.Method.invoke(Method.java:568)
	at java.base/java.util.ArrayList.forEach(ArrayList.java:1511)
	at java.base/java.util.ArrayList.forEach(ArrayList.java:1511)
]]></error>
    <system-out><![CDATA[13:49:41.210 [main] INFO org.springframework.test.context.support.AnnotationConfigContextLoaderUtils -- Could not detect default configuration classes for test class [xjtu.BackEndApplicationTests]: BackEndApplicationTests does not declare any static, non-private, non-final, nested classes annotated with @Configuration.
13:49:41.307 [main] INFO org.springframework.boot.test.context.SpringBootTestContextBootstrapper -- Found @SpringBootConfiguration xjtu.BackEndApplication for test class xjtu.BackEndApplicationTests

  .   ____          _            __ _ _
 /\\ / ___'_ __ _ _(_)_ __  __ _ \ \ \ \
( ( )\___ | '_ | '_| | '_ \/ _` | \ \ \ \
 \\/  ___)| |_)| | | | | || (_| |  ) ) ) )
  '  |____| .__|_| |_|_| |_\__, | / / / /
 =========|_|==============|___/=/_/_/_/

 :: Spring Boot ::                (v3.4.1)

2025-05-20T13:49:41.866+08:00  INFO 16676 --- [           main] xjtu.BackEndApplicationTests             : Starting BackEndApplicationTests using Java 17.0.12 with PID 16676 (started by 张先生 in D:\GraphAlignment-Visualization\BackEnd)
2025-05-20T13:49:41.870+08:00 DEBUG 16676 --- [           main] xjtu.BackEndApplicationTests             : Running with Spring Boot v3.4.1, Spring v6.2.1
2025-05-20T13:49:41.871+08:00  INFO 16676 --- [           main] xjtu.BackEndApplicationTests             : No active profile set, falling back to 1 default profile: "default"
2025-05-20T13:49:42.985+08:00  INFO 16676 --- [           main] .s.d.r.c.RepositoryConfigurationDelegate : Multiple Spring Data modules found, entering strict repository configuration mode
2025-05-20T13:49:42.987+08:00  INFO 16676 --- [           main] .s.d.r.c.RepositoryConfigurationDelegate : Bootstrapping Spring Data Neo4j repositories in DEFAULT mode.
2025-05-20T13:49:43.021+08:00  INFO 16676 --- [           main] .s.d.r.c.RepositoryConfigurationDelegate : Finished Spring Data repository scanning in 17 ms. Found 0 Neo4j repository interfaces.
2025-05-20T13:49:43.027+08:00  INFO 16676 --- [           main] .s.d.r.c.RepositoryConfigurationDelegate : Multiple Spring Data modules found, entering strict repository configuration mode
2025-05-20T13:49:43.028+08:00  INFO 16676 --- [           main] .s.d.r.c.RepositoryConfigurationDelegate : Bootstrapping Spring Data Neo4j repositories in DEFAULT mode.
2025-05-20T13:49:43.035+08:00  INFO 16676 --- [           main] .s.d.r.c.RepositoryConfigurationDelegate : Finished Spring Data repository scanning in 4 ms. Found 0 Neo4j repository interfaces.
2025-05-20T13:49:43.056+08:00  INFO 16676 --- [           main] .s.d.r.c.RepositoryConfigurationDelegate : Multiple Spring Data modules found, entering strict repository configuration mode
2025-05-20T13:49:43.058+08:00  INFO 16676 --- [           main] .s.d.r.c.RepositoryConfigurationDelegate : Bootstrapping Spring Data Redis repositories in DEFAULT mode.
2025-05-20T13:49:43.074+08:00  INFO 16676 --- [           main] .s.d.r.c.RepositoryConfigurationDelegate : Finished Spring Data repository scanning in 5 ms. Found 0 Redis repository interfaces.
2025-05-20T13:49:46.526+08:00  INFO 16676 --- [           main] o.neo4j.driver.internal.DriverFactory    : Direct driver instance 888540137 created for server address localhost:7687
2025-05-20T13:49:47.111+08:00  INFO 16676 --- [           main] xjtu.BackEndApplicationTests             : Started BackEndApplicationTests in 5.64 seconds (process running for 6.539)
]]></system-out>
  </testcase>
  <testcase name="testUserService" classname="xjtu.BackEndApplicationTests" time="0.347">
    <system-out><![CDATA[2025-05-20T13:49:48.089+08:00  INFO 16676 --- [           main] com.zaxxer.hikari.HikariDataSource       : HikariPool-1 - Starting...
2025-05-20T13:49:48.342+08:00  INFO 16676 --- [           main] com.zaxxer.hikari.pool.HikariPool        : HikariPool-1 - Added connection com.mysql.cj.jdbc.ConnectionImpl@514c6ca0
2025-05-20T13:49:48.345+08:00  INFO 16676 --- [           main] com.zaxxer.hikari.HikariDataSource       : HikariPool-1 - Start completed.
2025-05-20T13:49:48.350+08:00 DEBUG 16676 --- [           main] xjtu.dao.ExperimentDao.listExperiment    : ==>  Preparing: select * from experiment;
2025-05-20T13:49:48.372+08:00 DEBUG 16676 --- [           main] xjtu.dao.ExperimentDao.listExperiment    : ==> Parameters: 
2025-05-20T13:49:48.398+08:00 DEBUG 16676 --- [           main] xjtu.dao.ExperimentDao.listExperiment    : <==      Total: 29
[Experiment(id=1, user_account=admin, outcome_id=7, date=2025-05-10T10:28:35), Experiment(id=2, user_account=admin, outcome_id=8, date=2025-05-30T10:28:51), Experiment(id=6, user_account=zmjkk, outcome_id=51, date=2025-05-10T13:16:36), Experiment(id=7, user_account=zmjkk, outcome_id=52, date=2025-05-10T13:18:24), Experiment(id=8, user_account=zmjkk, outcome_id=53, date=2025-05-10T13:22:55), Experiment(id=9, user_account=zmjkk, outcome_id=54, date=2025-05-10T13:24:56), Experiment(id=10, user_account=zmjkk, outcome_id=55, date=2025-05-10T13:27:16), Experiment(id=11, user_account=zmjkk, outcome_id=56, date=2025-05-10T13:28:33), Experiment(id=12, user_account=zmjkk, outcome_id=57, date=2025-05-10T13:30:06), Experiment(id=13, user_account=zmjkk, outcome_id=58, date=2025-05-10T13:41:16), Experiment(id=14, user_account=zmjkk, outcome_id=59, date=2025-05-10T13:42:59), Experiment(id=15, user_account=zmjkk, outcome_id=60, date=2025-05-14T11:49:21), Experiment(id=16, user_account=zmjkk, outcome_id=61, date=2025-05-14T13:25:49), Experiment(id=17, user_account=zmjkk, outcome_id=62, date=2025-05-14T13:28:10), Experiment(id=18, user_account=zmjkk, outcome_id=63, date=2025-05-14T13:28:42), Experiment(id=19, user_account=zmjkk, outcome_id=64, date=2025-05-14T13:29:16), Experiment(id=20, user_account=zmjkk, outcome_id=65, date=2025-05-14T13:31:47), Experiment(id=21, user_account=zmjkk, outcome_id=66, date=2025-05-14T13:34:48), Experiment(id=22, user_account=zmjkk, outcome_id=67, date=2025-05-14T13:36:41), Experiment(id=23, user_account=admin, outcome_id=68, date=2025-05-14T16:22:41), Experiment(id=24, user_account=admin, outcome_id=69, date=2025-05-14T16:24:41), Experiment(id=25, user_account=admin, outcome_id=70, date=2025-05-14T16:25:35), Experiment(id=26, user_account=admin, outcome_id=71, date=2025-05-14T16:26:34), Experiment(id=27, user_account=admin, outcome_id=72, date=2025-05-14T16:29:46), Experiment(id=28, user_account=admin, outcome_id=73, date=2025-05-14T16:31:21), Experiment(id=29, user_account=admin, outcome_id=74, date=2025-05-14T16:32:57), Experiment(id=30, user_account=zmjkk, outcome_id=75, date=2025-05-16T13:38:49), Experiment(id=31, user_account=admin, outcome_id=76, date=2025-05-18T11:52:18), Experiment(id=32, user_account=admin, outcome_id=77, date=2025-05-20T12:59:06)]
]]></system-out>
  </testcase>
  <testcase name="contextLoads" classname="xjtu.BackEndApplicationTests" time="0.007"/>
  <testcase name="testDelete" classname="xjtu.BackEndApplicationTests" time="0.022">
    <system-out><![CDATA[2025-05-20T13:49:48.422+08:00 DEBUG 16676 --- [           main] xjtu.dao.UserDao.removeUserById          : ==>  Preparing: delete from user where id = ?;
2025-05-20T13:49:48.424+08:00 DEBUG 16676 --- [           main] xjtu.dao.UserDao.removeUserById          : ==> Parameters: 10(Integer)
2025-05-20T13:49:48.437+08:00 DEBUG 16676 --- [           main] xjtu.dao.UserDao.removeUserById          : <==    Updates: 0
0
]]></system-out>
  </testcase>
  <testcase name="testUpdate" classname="xjtu.BackEndApplicationTests" time="0.005">
    <system-out><![CDATA[
]]></system-out>
  </testcase>
</testsuite>